2017-03-15 10:59:20.282  INFO 7080 --- [main] d.m.m.logging.ApplicationStarter         : Starting ApplicationStarter on MYTOYS-0375 with PID 7080 (C:\cygwin64\home\rringleb\workspace\msv_js_logging\target\classes started by rringleb in C:\cygwin64\home\rringleb\workspace\msv_js_logging)
2017-03-15 10:59:20.300  INFO 7080 --- [main] d.m.m.logging.ApplicationStarter         : The following profiles are active: dev
2017-03-15 10:59:20.363  INFO 7080 --- [main] ationConfigEmbeddedWebApplicationContext : Refreshing org.springframework.boot.context.embedded.AnnotationConfigEmbeddedWebApplicationContext@37f144db: startup date [Wed Mar 15 10:59:20 CET 2017]; root of context hierarchy
2017-03-15 10:59:22.067  INFO 7080 --- [main] o.s.b.f.s.DefaultListableBeanFactory     : Overriding bean definition for bean 'managementServletContext' with a different definition: replacing [Root bean: class [null]; scope=; abstract=false; lazyInit=false; autowireMode=3; dependencyCheck=0; autowireCandidate=true; primary=false; factoryBeanName=org.springframework.boot.actuate.autoconfigure.EndpointWebMvcHypermediaManagementContextConfiguration; factoryMethodName=managementServletContext; initMethodName=null; destroyMethodName=(inferred); defined in class path resource [org/springframework/boot/actuate/autoconfigure/EndpointWebMvcHypermediaManagementContextConfiguration.class]] with [Root bean: class [null]; scope=; abstract=false; lazyInit=false; autowireMode=3; dependencyCheck=0; autowireCandidate=true; primary=false; factoryBeanName=org.springframework.boot.actuate.autoconfigure.EndpointWebMvcAutoConfiguration; factoryMethodName=managementServletContext; initMethodName=null; destroyMethodName=(inferred); defined in class path resource [org/springframework/boot/actuate/autoconfigure/EndpointWebMvcAutoConfiguration.class]]
2017-03-15 10:59:23.131  INFO 7080 --- [main] s.b.c.e.t.TomcatEmbeddedServletContainer : Tomcat initialized with port(s): 8080 (http)
2017-03-15 10:59:23.149  INFO 7080 --- [main] o.apache.catalina.core.StandardService   : Starting service Tomcat
2017-03-15 10:59:23.150  INFO 7080 --- [main] org.apache.catalina.core.StandardEngine  : Starting Servlet Engine: Apache Tomcat/8.5.6
2017-03-15 10:59:23.256  INFO 7080 --- [localhost-startStop-1] o.a.c.c.C.[Tomcat].[localhost].[/]       : Initializing Spring embedded WebApplicationContext
2017-03-15 10:59:23.257  INFO 7080 --- [localhost-startStop-1] o.s.web.context.ContextLoader            : Root WebApplicationContext: initialization completed in 2893 ms
2017-03-15 10:59:23.605  INFO 7080 --- [localhost-startStop-1] o.s.b.w.servlet.ServletRegistrationBean  : Mapping servlet: 'dispatcherServlet' to [/]
2017-03-15 10:59:23.611  INFO 7080 --- [localhost-startStop-1] o.s.b.w.servlet.FilterRegistrationBean   : Mapping filter: 'metricsFilter' to: [/*]
2017-03-15 10:59:23.611  INFO 7080 --- [localhost-startStop-1] o.s.b.w.servlet.FilterRegistrationBean   : Mapping filter: 'characterEncodingFilter' to: [/*]
2017-03-15 10:59:23.611  INFO 7080 --- [localhost-startStop-1] o.s.b.w.servlet.FilterRegistrationBean   : Mapping filter: 'hiddenHttpMethodFilter' to: [/*]
2017-03-15 10:59:23.612  INFO 7080 --- [localhost-startStop-1] o.s.b.w.servlet.FilterRegistrationBean   : Mapping filter: 'httpPutFormContentFilter' to: [/*]
2017-03-15 10:59:23.612  INFO 7080 --- [localhost-startStop-1] o.s.b.w.servlet.FilterRegistrationBean   : Mapping filter: 'requestContextFilter' to: [/*]
2017-03-15 10:59:23.612  INFO 7080 --- [localhost-startStop-1] o.s.b.w.servlet.FilterRegistrationBean   : Mapping filter: 'webRequestLoggingFilter' to: [/*]
2017-03-15 10:59:23.612  INFO 7080 --- [localhost-startStop-1] o.s.b.w.servlet.FilterRegistrationBean   : Mapping filter: 'applicationContextIdFilter' to: [/*]
2017-03-15 10:59:24.507  INFO 7080 --- [main] s.w.s.m.m.a.RequestMappingHandlerMapping : Mapped "{[/jserrors],methods=[PUT]}" onto public java.lang.String de.mytoysgroup.multishop.logging.controller.LoggingController.getJserrors(java.lang.String)
2017-03-15 10:59:24.508  INFO 7080 --- [main] s.w.s.m.m.a.RequestMappingHandlerMapping : Mapped "{[/show/list]}" onto public java.lang.String de.mytoysgroup.multishop.logging.controller.LoggingController.showList(org.springframework.ui.Model,int)
2017-03-15 10:59:24.509  INFO 7080 --- [main] s.w.s.m.m.a.RequestMappingHandlerMapping : Mapped "{[/show/table/browser]}" onto public java.lang.String de.mytoysgroup.multishop.logging.controller.LoggingController.showTable(org.springframework.ui.Model)
2017-03-15 10:59:24.510  INFO 7080 --- [main] s.w.s.m.m.a.RequestMappingHandlerMapping : Mapped "{[/show/status],methods=[GET],produces=[text/plain;charset=UTF-8]}" onto public java.lang.String de.mytoysgroup.multishop.logging.controller.ShowStatusController.getStatus()
2017-03-15 10:59:24.510  INFO 7080 --- [main] s.w.s.m.m.a.RequestMappingHandlerMapping : Mapped "{[/v2/api-docs],methods=[GET],produces=[application/json || application/hal+json]}" onto public org.springframework.http.ResponseEntity<springfox.documentation.spring.web.json.Json> springfox.documentation.swagger2.web.Swagger2Controller.getDocumentation(java.lang.String,javax.servlet.http.HttpServletRequest)
2017-03-15 10:59:24.514  INFO 7080 --- [main] s.w.s.m.m.a.RequestMappingHandlerMapping : Mapped "{[/configuration/ui]}" onto org.springframework.http.ResponseEntity<springfox.documentation.swagger.web.UiConfiguration> springfox.documentation.swagger.web.ApiResourceController.uiConfiguration()
2017-03-15 10:59:24.515  INFO 7080 --- [main] s.w.s.m.m.a.RequestMappingHandlerMapping : Mapped "{[/swagger-resources]}" onto org.springframework.http.ResponseEntity<java.util.List<springfox.documentation.swagger.web.SwaggerResource>> springfox.documentation.swagger.web.ApiResourceController.swaggerResources()
2017-03-15 10:59:24.517  INFO 7080 --- [main] s.w.s.m.m.a.RequestMappingHandlerMapping : Mapped "{[/configuration/security]}" onto org.springframework.http.ResponseEntity<springfox.documentation.swagger.web.SecurityConfiguration> springfox.documentation.swagger.web.ApiResourceController.securityConfiguration()
2017-03-15 10:59:24.522  INFO 7080 --- [main] s.w.s.m.m.a.RequestMappingHandlerMapping : Mapped "{[/error]}" onto public org.springframework.http.ResponseEntity<java.util.Map<java.lang.String, java.lang.Object>> org.springframework.boot.autoconfigure.web.BasicErrorController.error(javax.servlet.http.HttpServletRequest)
2017-03-15 10:59:24.522  INFO 7080 --- [main] s.w.s.m.m.a.RequestMappingHandlerMapping : Mapped "{[/error],produces=[text/html]}" onto public org.springframework.web.servlet.ModelAndView org.springframework.boot.autoconfigure.web.BasicErrorController.errorHtml(javax.servlet.http.HttpServletRequest,javax.servlet.http.HttpServletResponse)
2017-03-15 10:59:24.846  INFO 7080 --- [main] o.s.b.a.e.mvc.EndpointHandlerMapping     : Mapped "{[/heapdump || /heapdump.json],methods=[GET],produces=[application/octet-stream]}" onto public void org.springframework.boot.actuate.endpoint.mvc.HeapdumpMvcEndpoint.invoke(boolean,javax.servlet.http.HttpServletRequest,javax.servlet.http.HttpServletResponse) throws java.io.IOException,javax.servlet.ServletException
2017-03-15 10:59:24.849  INFO 7080 --- [main] o.s.b.a.e.mvc.EndpointHandlerMapping     : Mapped "{[/configprops || /configprops.json],methods=[GET],produces=[application/json]}" onto public java.lang.Object org.springframework.boot.actuate.endpoint.mvc.EndpointMvcAdapter.invoke()
2017-03-15 10:59:24.851  INFO 7080 --- [main] o.s.b.a.e.mvc.EndpointHandlerMapping     : Mapped "{[/trace || /trace.json],methods=[GET],produces=[application/json]}" onto public java.lang.Object org.springframework.boot.actuate.endpoint.mvc.EndpointMvcAdapter.invoke()
2017-03-15 10:59:24.853  INFO 7080 --- [main] o.s.b.a.e.mvc.EndpointHandlerMapping     : Mapped "{[/env/{name:.*}],methods=[GET],produces=[application/json]}" onto public java.lang.Object org.springframework.boot.actuate.endpoint.mvc.EnvironmentMvcEndpoint.value(java.lang.String)
2017-03-15 10:59:24.853  INFO 7080 --- [main] o.s.b.a.e.mvc.EndpointHandlerMapping     : Mapped "{[/env || /env.json],methods=[GET],produces=[application/json]}" onto public java.lang.Object org.springframework.boot.actuate.endpoint.mvc.EndpointMvcAdapter.invoke()
2017-03-15 10:59:24.854  INFO 7080 --- [main] o.s.b.a.e.mvc.EndpointHandlerMapping     : Mapped "{[/actuator || /actuator.json],produces=[application/json]}" onto public org.springframework.hateoas.ResourceSupport org.springframework.boot.actuate.endpoint.mvc.HalJsonMvcEndpoint.links()
2017-03-15 10:59:24.855  INFO 7080 --- [main] o.s.b.a.e.mvc.EndpointHandlerMapping     : Mapped "{[/logfile || /logfile.json],methods=[GET || HEAD]}" onto public void org.springframework.boot.actuate.endpoint.mvc.LogFileMvcEndpoint.invoke(javax.servlet.http.HttpServletRequest,javax.servlet.http.HttpServletResponse) throws javax.servlet.ServletException,java.io.IOException
2017-03-15 10:59:24.857  INFO 7080 --- [main] o.s.b.a.e.mvc.EndpointHandlerMapping     : Mapped "{[/dump || /dump.json],methods=[GET],produces=[application/json]}" onto public java.lang.Object org.springframework.boot.actuate.endpoint.mvc.EndpointMvcAdapter.invoke()
2017-03-15 10:59:24.858  INFO 7080 --- [main] o.s.b.a.e.mvc.EndpointHandlerMapping     : Mapped "{[/beans || /beans.json],methods=[GET],produces=[application/json]}" onto public java.lang.Object org.springframework.boot.actuate.endpoint.mvc.EndpointMvcAdapter.invoke()
2017-03-15 10:59:24.859  INFO 7080 --- [main] o.s.b.a.e.mvc.EndpointHandlerMapping     : Mapped "{[/whoami || /whoami.json],methods=[GET],produces=[application/json]}" onto public java.lang.Object org.springframework.boot.actuate.endpoint.mvc.EndpointMvcAdapter.invoke()
2017-03-15 10:59:24.861  INFO 7080 --- [main] o.s.b.a.e.mvc.EndpointHandlerMapping     : Mapped "{[/mappings || /mappings.json],methods=[GET],produces=[application/json]}" onto public java.lang.Object org.springframework.boot.actuate.endpoint.mvc.EndpointMvcAdapter.invoke()
2017-03-15 10:59:24.863  INFO 7080 --- [main] o.s.b.a.e.mvc.EndpointHandlerMapping     : Mapped "{[/status || /status.json],produces=[application/json]}" onto public java.lang.Object org.springframework.boot.actuate.endpoint.mvc.HealthMvcEndpoint.invoke(java.security.Principal)
2017-03-15 10:59:24.867  INFO 7080 --- [main] o.s.b.a.e.mvc.EndpointHandlerMapping     : Mapped "{[/autoconfig || /autoconfig.json],methods=[GET],produces=[application/json]}" onto public java.lang.Object org.springframework.boot.actuate.endpoint.mvc.EndpointMvcAdapter.invoke()
2017-03-15 10:59:24.868  INFO 7080 --- [main] o.s.b.a.e.mvc.EndpointHandlerMapping     : Mapped "{[/metrics/{name:.*}],methods=[GET],produces=[application/json]}" onto public java.lang.Object org.springframework.boot.actuate.endpoint.mvc.MetricsMvcEndpoint.value(java.lang.String)
2017-03-15 10:59:24.868  INFO 7080 --- [main] o.s.b.a.e.mvc.EndpointHandlerMapping     : Mapped "{[/metrics || /metrics.json],methods=[GET],produces=[application/json]}" onto public java.lang.Object org.springframework.boot.actuate.endpoint.mvc.EndpointMvcAdapter.invoke()
2017-03-15 10:59:25.190  INFO 7080 --- [main] s.w.s.m.m.a.RequestMappingHandlerAdapter : Looking for @ControllerAdvice: org.springframework.boot.context.embedded.AnnotationConfigEmbeddedWebApplicationContext@37f144db: startup date [Wed Mar 15 10:59:20 CET 2017]; root of context hierarchy
2017-03-15 10:59:25.201  INFO 7080 --- [main] s.w.s.m.m.a.RequestMappingHandlerAdapter : Detected ResponseBodyAdvice bean in org.springframework.boot.actuate.autoconfigure.EndpointWebMvcHypermediaManagementContextConfiguration$ActuatorEndpointLinksAdvice
2017-03-15 10:59:25.274  INFO 7080 --- [main] o.s.w.s.handler.SimpleUrlHandlerMapping  : Mapped URL path [/webjars/**] onto handler of type [class org.springframework.web.servlet.resource.ResourceHttpRequestHandler]
2017-03-15 10:59:25.274  INFO 7080 --- [main] o.s.w.s.handler.SimpleUrlHandlerMapping  : Mapped URL path [/**] onto handler of type [class org.springframework.web.servlet.resource.ResourceHttpRequestHandler]
2017-03-15 10:59:25.296  INFO 7080 --- [main] .m.m.a.ExceptionHandlerExceptionResolver : Detected ResponseBodyAdvice implementation in org.springframework.boot.actuate.autoconfigure.EndpointWebMvcHypermediaManagementContextConfiguration$ActuatorEndpointLinksAdvice
2017-03-15 10:59:25.324  INFO 7080 --- [main] o.s.w.s.handler.SimpleUrlHandlerMapping  : Mapped URL path [/**/favicon.ico] onto handler of type [class org.springframework.web.servlet.resource.ResourceHttpRequestHandler]
2017-03-15 10:59:25.392  INFO 7080 --- [main] oConfiguration$WelcomePageHandlerMapping : Adding welcome page: ServletContext resource [/index.html]
2017-03-15 10:59:25.742  INFO 7080 --- [main] o.s.w.s.v.f.FreeMarkerConfigurer         : ClassTemplateLoader for Spring macros added to FreeMarker configuration
2017-03-15 10:59:25.889  INFO 7080 --- [main] o.s.j.e.a.AnnotationMBeanExporter        : Registering beans for JMX exposure on startup
2017-03-15 10:59:25.907  INFO 7080 --- [main] o.s.c.support.DefaultLifecycleProcessor  : Starting beans in phase 0
2017-03-15 10:59:26.015  INFO 7080 --- [main] d.s.w.p.DocumentationPluginsBootstrapper : Context refreshed
2017-03-15 10:59:26.053  INFO 7080 --- [main] d.s.w.p.DocumentationPluginsBootstrapper : Found 1 custom documentation plugin(s)
2017-03-15 10:59:26.063  INFO 7080 --- [main] s.d.s.w.s.ApiListingReferenceScanner     : Scanning for api listing references
2017-03-15 10:59:26.262  INFO 7080 --- [main] s.b.c.e.t.TomcatEmbeddedServletContainer : Tomcat started on port(s): 8080 (http)
2017-03-15 10:59:26.269  INFO 7080 --- [main] d.m.m.logging.ApplicationStarter         : Started ApplicationStarter in 6.796 seconds (JVM running for 10.746)
2017-03-15 11:00:23.007  INFO 7080 --- [http-nio-8080-exec-1] o.a.c.c.C.[Tomcat].[localhost].[/]       : Initializing Spring FrameworkServlet 'dispatcherServlet'
2017-03-15 11:00:23.007  INFO 7080 --- [http-nio-8080-exec-1] o.s.web.servlet.DispatcherServlet        : FrameworkServlet 'dispatcherServlet': initialization started
2017-03-15 11:00:23.031  INFO 7080 --- [http-nio-8080-exec-1] o.s.web.servlet.DispatcherServlet        : FrameworkServlet 'dispatcherServlet': initialization completed in 24 ms
2017-03-15 11:00:23.185 ERROR 7080 --- [http-nio-8080-exec-1] d.m.m.l.controller.LoggingController     : 
15.03.2017, 11:00:23 - Mozilla/5.0 (Windows NT 6.1; Win64; x64) AppleWebKit/537.36 (KHTML, like Gecko) Chrome/51.0.2704.106 Safari/537.36 - Chrome - desktop - http://yomonda.pftwo-797.dev-frontend.ber.mytoys.de/?debug_jslogging=bug3 - 1 - Uncaught SyntaxError: Illegal return statement - yomonda.pftwo-797.dev-frontend.ber.mytoys.de - / - yomonda.de - yomonda
2017-03-15 11:04:34.080 ERROR 7080 --- [http-nio-8080-exec-5] d.m.m.l.controller.LoggingController     : 
15.03.2017, 11:04:34 - Mozilla/5.0 (Windows NT 6.1; Win64; x64) AppleWebKit/537.36 (KHTML, like Gecko) Chrome/51.0.2704.106 Safari/537.36 - Chrome - desktop - http://yomonda.pftwo-797.dev-frontend.ber.mytoys.de/?debug_jslogging=bug3 - 1 - Uncaught SyntaxError: Illegal return statement - yomonda.pftwo-797.dev-frontend.ber.mytoys.de - / - yomonda.de - yomonda
2017-03-15 11:05:53.361  WARN 7080 --- [http-nio-8080-exec-7] o.s.web.servlet.PageNotFound             : Request method 'GET' not supported
